<?xml version="1.0" encoding="UTF-8"?>
<testng-results ignored="0" total="3" passed="3" failed="0" skipped="0">
  <reporter-output>
  </reporter-output>
  <suite started-at="2021-10-11T14:59:50 SAST" name="Default suite" finished-at="2021-10-11T15:00:09 SAST" duration-ms="18833">
    <groups>
    </groups>
    <test started-at="2021-10-11T14:59:50 SAST" name="Default test" finished-at="2021-10-11T15:00:09 SAST" duration-ms="18833">
      <class name="Report">
        <test-method is-config="true" signature="setBrowser()[pri:0, instance:Report@4f2b503c]" started-at="2021-10-11T14:59:50 SAST" name="setBrowser" finished-at="2021-10-11T14:59:54 SAST" duration-ms="4690" status="PASS">
          <reporter-output>
          </reporter-output>
        </test-method> <!-- setBrowser -->
        <test-method signature="Registration()[pri:0, instance:Report@4f2b503c]" started-at="2021-10-11T14:59:54 SAST" name="Registration" finished-at="2021-10-11T14:59:58 SAST" duration-ms="3876" status="PASS">
          <reporter-output>
          </reporter-output>
        </test-method> <!-- Registration -->
        <test-method signature="Mecury()[pri:1, instance:Report@4f2b503c]" started-at="2021-10-11T14:59:58 SAST" name="Mecury" finished-at="2021-10-11T15:00:07 SAST" duration-ms="8666" status="PASS">
          <reporter-output>
          </reporter-output>
        </test-method> <!-- Mecury -->
        <test-method signature="sauceLogout()[pri:2, instance:Report@4f2b503c]" started-at="2021-10-11T15:00:07 SAST" name="sauceLogout" finished-at="2021-10-11T15:00:09 SAST" duration-ms="1552" status="PASS">
          <reporter-output>
          </reporter-output>
        </test-method> <!-- sauceLogout -->
      </class> <!-- Report -->
    </test> <!-- Default test -->
  </suite> <!-- Default suite -->
</testng-results>
